You supplied 4 command line arguments.
They are: /u/data/qwofford/scripts/lslext/impulse/rms/dataLinks/056952_000117775 /u/data/qwofford/figures/rmsIteratorOutput/056952_000117775.png 15 778352

You asked for more data than are available. Max frames: 11675283. You asked for 11675280 frames.
You supplied 4 command line arguments.
They are: /u/data/qwofford/scripts/lslext/impulse/rms/dataLinks/056952_000117775 /u/data/qwofford/figures/rmsIteratorOutput/056952_000117775.png 15 778352

Init complete.
Processing 778352 chunks of 15 frames each.
Beginning compute method
T2:P1 isn't a good place to start.
Seeking to T1:P0
You supplied 4 command line arguments.
They are: /u/data/qwofford/scripts/lslext/impulse/rms/dataLinks/056952_000117775 /u/data/qwofford/figures/rmsIteratorOutput/056952_000117775.png 15 778352

Init complete.
Processing 778352 chunks of 15 frames each.
Beginning compute method
T2:P1 isn't a good place to start.
Seeking to T1:P0
Working on chunk #50
Working on chunk #100
Working on chunk #150
Working on chunk #200
Working on chunk #250
Working on chunk #300
Working on chunk #350
Working on chunk #400
Working on chunk #450
Working on chunk #500
Working on chunk #550
Working on chunk #600
Working on chunk #650
Working on chunk #700
Working on chunk #750
Working on chunk #800
Working on chunk #850
Working on chunk #900
Working on chunk #950
Working on chunk #1000
Working on chunk #1050
Working on chunk #1100
Working on chunk #1150
Working on chunk #1200
Working on chunk #1250
Working on chunk #1300
Working on chunk #1350
Working on chunk #1400
Working on chunk #1450
Working on chunk #1500
Working on chunk #1550
Working on chunk #1600
Working on chunk #1650
Working on chunk #1700
Working on chunk #1750
Working on chunk #1800
Working on chunk #1850
Working on chunk #1900
Working on chunk #1950
Working on chunk #2000
Working on chunk #2050
Working on chunk #2100
Working on chunk #2150
Working on chunk #2200
Working on chunk #2250
Working on chunk #2300
Working on chunk #2350
Working on chunk #2400
Working on chunk #2450
Working on chunk #2500
Working on chunk #2550
Working on chunk #2600
Working on chunk #2650
Working on chunk #2700
Working on chunk #2750
Working on chunk #2800
Working on chunk #2850
Working on chunk #2900
Working on chunk #2950
Working on chunk #3000
Working on chunk #3050
Working on chunk #3100
Working on chunk #3150
Working on chunk #3200
Working on chunk #3250
Working on chunk #3300
Working on chunk #3350
Working on chunk #3400
Working on chunk #3450
Working on chunk #3500
Working on chunk #3550
Working on chunk #3600
Working on chunk #3650
Working on chunk #3700
Working on chunk #3750
Working on chunk #3800
Working on chunk #3850
Working on chunk #3900
Working on chunk #3950
Working on chunk #4000
Working on chunk #4050
Working on chunk #4100
Working on chunk #4150
Working on chunk #4200
Working on chunk #4250
Working on chunk #4300
Working on chunk #4350
Working on chunk #4400
Working on chunk #4450
Working on chunk #4500
Working on chunk #4550
Working on chunk #4600
Working on chunk #4650
Working on chunk #4700
Working on chunk #4750
Working on chunk #4800
Working on chunk #4850
Working on chunk #4900
Working on chunk #4950
Working on chunk #5000
Working on chunk #5050
Working on chunk #5100
Working on chunk #5150
Working on chunk #5200
Working on chunk #5250
Working on chunk #5300
Working on chunk #5350
Working on chunk #5400
Working on chunk #5450
Working on chunk #5500
Working on chunk #5550
Working on chunk #5600
Working on chunk #5650
Working on chunk #5700
Working on chunk #5750
Working on chunk #5800
Working on chunk #5850
Working on chunk #5900
Working on chunk #5950
Working on chunk #6000
Working on chunk #6050
Working on chunk #6100
Working on chunk #6150
Working on chunk #6200
Working on chunk #6250
Working on chunk #6300
Working on chunk #6350
Working on chunk #6400
Working on chunk #6450
Working on chunk #6500
Working on chunk #6550
Working on chunk #6600
Working on chunk #6650
Working on chunk #6700
Working on chunk #6750
Working on chunk #6800
Working on chunk #6850
Working on chunk #6900
Working on chunk #6950
Working on chunk #7000
Working on chunk #7050
Working on chunk #7100
Working on chunk #7150
Working on chunk #7200
Working on chunk #7250
Working on chunk #7300
Working on chunk #7350
Working on chunk #7400
Working on chunk #7450
Working on chunk #7500
Working on chunk #7550
Working on chunk #7600
Working on chunk #7650
Working on chunk #7700
Working on chunk #7750
Working on chunk #7800
Working on chunk #7850
Working on chunk #7900
Working on chunk #7950
Working on chunk #8000
Working on chunk #8050
Working on chunk #8100
Working on chunk #8150
Working on chunk #8200
Working on chunk #8250
Working on chunk #8300
Working on chunk #8350
Working on chunk #8400
Working on chunk #8450
Working on chunk #8500
Working on chunk #8550
Working on chunk #8600
Working on chunk #8650
Working on chunk #8700
Working on chunk #8750
Working on chunk #8800
Working on chunk #8850
Working on chunk #8900
Working on chunk #8950
Working on chunk #9000
Working on chunk #9050
Working on chunk #9100
Working on chunk #9150
Working on chunk #9200
Working on chunk #9250
Working on chunk #9300
Working on chunk #9350
Working on chunk #9400
Working on chunk #9450
Working on chunk #9500
Working on chunk #9550
Working on chunk #9600
Working on chunk #9650
Working on chunk #9700
Working on chunk #9750
Working on chunk #9800
Working on chunk #9850
Working on chunk #9900
Working on chunk #9950
Working on chunk #10000
Working on chunk #10050
Working on chunk #10100
Working on chunk #10150
Working on chunk #10200
Working on chunk #10250
Working on chunk #10300
Working on chunk #10350
Working on chunk #10400
Working on chunk #10450
Working on chunk #10500
Working on chunk #10550
Working on chunk #10600
Working on chunk #10650
Working on chunk #10700
Working on chunk #10750
Working on chunk #10800
Working on chunk #10850
Working on chunk #10900
Working on chunk #10950
Working on chunk #11000
Working on chunk #11050
Working on chunk #11100
Working on chunk #11150
Working on chunk #11200
Working on chunk #11250
Working on chunk #11300
Working on chunk #11350
Working on chunk #11400
Working on chunk #11450
Working on chunk #11500
Working on chunk #11550
Working on chunk #11600
Working on chunk #11650
Working on chunk #11700
Working on chunk #11750
Working on chunk #11800
Working on chunk #11850
Working on chunk #11900
Working on chunk #11950
Working on chunk #12000
Working on chunk #12050
Working on chunk #12100
Working on chunk #12150
Working on chunk #12200
Working on chunk #12250
Working on chunk #12300
Working on chunk #12350
Working on chunk #12400
Working on chunk #12450
Working on chunk #12500
Working on chunk #12550
Working on chunk #12600
Working on chunk #12650
Working on chunk #12700
Working on chunk #12750
Working on chunk #12800
Working on chunk #12850
Working on chunk #12900
Working on chunk #12950
Working on chunk #13000
Working on chunk #13050
Working on chunk #13100
Working on chunk #13150
Working on chunk #13200
Working on chunk #13250
Working on chunk #13300
Working on chunk #13350
Working on chunk #13400
Working on chunk #13450
Working on chunk #13500
Working on chunk #13550
Working on chunk #13600
Working on chunk #13650
Working on chunk #13700
Working on chunk #13750
Working on chunk #13800
Working on chunk #13850
Working on chunk #13900
Working on chunk #13950
Working on chunk #14000
Working on chunk #14050
Working on chunk #14100
Working on chunk #14150
Working on chunk #14200
Working on chunk #14250
Working on chunk #14300
Working on chunk #14350
Working on chunk #14400
Working on chunk #14450
Working on chunk #14500
Working on chunk #14550
Working on chunk #14600
Working on chunk #14650
Working on chunk #14700
Working on chunk #14750
Working on chunk #14800
Working on chunk #14850
Working on chunk #14900
Working on chunk #14950
Working on chunk #15000
Working on chunk #15050
Working on chunk #15100
Working on chunk #15150
Working on chunk #15200
Working on chunk #15250
Working on chunk #15300
Working on chunk #15350
Working on chunk #15400
Working on chunk #15450
Working on chunk #15500
Working on chunk #15550
Working on chunk #15600
Working on chunk #15650
Working on chunk #15700
Working on chunk #15750
Working on chunk #15800
Working on chunk #15850
Working on chunk #15900
Working on chunk #15950
Working on chunk #16000
Working on chunk #16050
Working on chunk #16100
Working on chunk #16150
Working on chunk #16200
Working on chunk #16250
Working on chunk #16300
Working on chunk #16350
Working on chunk #16400
Working on chunk #16450
Working on chunk #16500
Working on chunk #16550
Working on chunk #16600
Working on chunk #16650
Working on chunk #16700
Working on chunk #16750
Working on chunk #16800
Working on chunk #16850
Working on chunk #16900
Working on chunk #16950
Working on chunk #17000
Working on chunk #17050
Working on chunk #17100
Working on chunk #17150
Working on chunk #17200
Working on chunk #17250
Working on chunk #17300
Working on chunk #17350
Working on chunk #17400
Working on chunk #17450
Working on chunk #17500
Working on chunk #17550
Working on chunk #17600
Working on chunk #17650
Working on chunk #17700
Working on chunk #17750
Working on chunk #17800
Working on chunk #17850
Working on chunk #17900
Working on chunk #17950
Working on chunk #18000
Working on chunk #18050
Working on chunk #18100
Working on chunk #18150
Working on chunk #18200
Working on chunk #18250
Working on chunk #18300
Working on chunk #18350
Working on chunk #18400
Working on chunk #18450
Working on chunk #18500
Working on chunk #18550
Working on chunk #18600
Working on chunk #18650
Working on chunk #18700
Working on chunk #18750
Working on chunk #18800
Working on chunk #18850
Working on chunk #18900
Working on chunk #18950
Working on chunk #19000
Working on chunk #19050
Working on chunk #19100
Working on chunk #19150
Working on chunk #19200
Working on chunk #19250
Working on chunk #19300
Working on chunk #19350
Working on chunk #19400
Working on chunk #19450
Working on chunk #19500
Working on chunk #19550
Working on chunk #19600
Working on chunk #19650
Working on chunk #19700
Working on chunk #19750
Working on chunk #19800
Working on chunk #19850
Working on chunk #19900
Working on chunk #19950
Working on chunk #20000
Working on chunk #20050
Working on chunk #20100
Working on chunk #20150
Working on chunk #20200
Working on chunk #20250
Working on chunk #20300
Working on chunk #20350
Working on chunk #20400
Working on chunk #20450
Working on chunk #20500
Working on chunk #20550
Working on chunk #20600
Working on chunk #20650
Working on chunk #20700
Working on chunk #20750
Working on chunk #20800
Working on chunk #20850
Working on chunk #20900
Working on chunk #20950
Working on chunk #21000
Working on chunk #21050
Working on chunk #21100
Working on chunk #21150
Working on chunk #21200
Working on chunk #21250
Working on chunk #21300
Working on chunk #21350
Working on chunk #21400
Working on chunk #21450
Working on chunk #21500
Working on chunk #21550
Working on chunk #21600
Working on chunk #21650
Working on chunk #21700
Working on chunk #21750
Working on chunk #21800
Working on chunk #21850
Working on chunk #21900
Working on chunk #21950
Working on chunk #22000
Working on chunk #22050
Working on chunk #22100
Working on chunk #22150
Working on chunk #22200
Working on chunk #22250
Working on chunk #22300
Working on chunk #22350
Working on chunk #22400
Working on chunk #22450
Working on chunk #22500
Working on chunk #22550
Working on chunk #22600
Working on chunk #22650
Working on chunk #22700
Working on chunk #22750
Working on chunk #22800
Working on chunk #22850
Working on chunk #22900
Working on chunk #22950
Working on chunk #23000
Working on chunk #23050
Working on chunk #23100
Working on chunk #23150
Working on chunk #23200
Working on chunk #23250
Working on chunk #23300
Working on chunk #23350
Working on chunk #23400
Working on chunk #23450
Working on chunk #23500
Working on chunk #23550
Working on chunk #23600
Working on chunk #23650
Working on chunk #23700
Working on chunk #23750
Working on chunk #23800
Working on chunk #23850
Working on chunk #23900
Working on chunk #23950
Working on chunk #24000
Working on chunk #24050
Working on chunk #24100
Working on chunk #24150
Working on chunk #24200
Working on chunk #24250
Working on chunk #24300
Working on chunk #24350
Working on chunk #24400
Working on chunk #24450
Working on chunk #24500
Working on chunk #24550
Working on chunk #24600
Working on chunk #24650
Working on chunk #24700
Working on chunk #24750
Working on chunk #24800
Working on chunk #24850
Working on chunk #24900
Working on chunk #24950
Working on chunk #25000
Working on chunk #25050
Working on chunk #25100
Working on chunk #25150
Working on chunk #25200
Working on chunk #25250
Working on chunk #25300
Working on chunk #25350
Working on chunk #25400
Working on chunk #25450
Working on chunk #25500
Working on chunk #25550
Working on chunk #25600
Working on chunk #25650
Working on chunk #25700
Working on chunk #25750
Working on chunk #25800
Working on chunk #25850
Working on chunk #25900
Working on chunk #25950
Working on chunk #26000
Working on chunk #26050
Working on chunk #26100
Working on chunk #26150
Working on chunk #26200
Working on chunk #26250
Working on chunk #26300
Working on chunk #26350
Working on chunk #26400
Working on chunk #26450
Working on chunk #26500
Working on chunk #26550
Working on chunk #26600
Working on chunk #26650
Working on chunk #26700
Working on chunk #26750
Working on chunk #26800
Working on chunk #26850
Working on chunk #26900
Working on chunk #26950
Working on chunk #27000
Working on chunk #27050
Working on chunk #27100
Working on chunk #27150
Working on chunk #27200
Working on chunk #27250
Working on chunk #27300
Working on chunk #27350
Working on chunk #27400
Working on chunk #27450
Working on chunk #27500
Working on chunk #27550
Working on chunk #27600
Working on chunk #27650
Working on chunk #27700
Working on chunk #27750
Working on chunk #27800
Working on chunk #27850
Working on chunk #27900
Working on chunk #27950
Working on chunk #28000
Working on chunk #28050
Working on chunk #28100
Working on chunk #28150
Working on chunk #28200
Working on chunk #28250
Working on chunk #28300
Working on chunk #28350
Working on chunk #28400
Working on chunk #28450
Working on chunk #28500
Working on chunk #28550
Working on chunk #28600
Working on chunk #28650
Working on chunk #28700
Working on chunk #28750
Working on chunk #28800
Working on chunk #28850
Working on chunk #28900
Working on chunk #28950
Working on chunk #29000
Working on chunk #29050
Working on chunk #29100
Working on chunk #29150
Working on chunk #29200
Working on chunk #29250
Working on chunk #29300
Working on chunk #29350
Working on chunk #29400
Working on chunk #29450
Working on chunk #29500
Working on chunk #29550
Working on chunk #29600
Working on chunk #29650
Working on chunk #29700
Working on chunk #29750
Working on chunk #29800
Working on chunk #29850
Working on chunk #29900
Working on chunk #29950
Working on chunk #30000
Working on chunk #30050
Working on chunk #30100
Working on chunk #30150
Working on chunk #30200
Working on chunk #30250
Working on chunk #30300
Working on chunk #30350
Working on chunk #30400
Working on chunk #30450
Working on chunk #30500
Working on chunk #30550
Working on chunk #30600
Working on chunk #30650
Working on chunk #30700
Working on chunk #30750
Working on chunk #30800
Working on chunk #30850
Working on chunk #30900
Working on chunk #30950
Working on chunk #31000
Working on chunk #31050
Working on chunk #31100
Working on chunk #31150
Working on chunk #31200
Working on chunk #31250
Working on chunk #31300
Working on chunk #31350
Working on chunk #31400
Working on chunk #31450
Working on chunk #31500
Working on chunk #31550
Working on chunk #31600
Working on chunk #31650
Working on chunk #31700
Working on chunk #31750
Working on chunk #31800
Working on chunk #31850
Working on chunk #31900
Working on chunk #31950
Working on chunk #32000
Working on chunk #32050
Working on chunk #32100
Working on chunk #32150
Working on chunk #32200
Working on chunk #32250
Working on chunk #32300
Working on chunk #32350
Working on chunk #32400
Working on chunk #32450
Working on chunk #32500
Working on chunk #32550
Working on chunk #32600
Working on chunk #32650
Working on chunk #32700
Working on chunk #32750
Working on chunk #32800
Working on chunk #32850
Working on chunk #32900
Working on chunk #32950
Working on chunk #33000
Working on chunk #33050
Working on chunk #33100
Working on chunk #33150
Working on chunk #33200
Working on chunk #33250
Working on chunk #33300
Working on chunk #33350
Working on chunk #33400
Working on chunk #33450
Working on chunk #33500
Working on chunk #33550
Working on chunk #33600
Working on chunk #33650
Working on chunk #33700
Working on chunk #33750
Working on chunk #33800
Working on chunk #33850
Working on chunk #33900
Working on chunk #33950
Working on chunk #34000
Working on chunk #34050
Working on chunk #34100
Working on chunk #34150
Working on chunk #34200
Working on chunk #34250
Working on chunk #34300
Working on chunk #34350
Working on chunk #34400
Working on chunk #34450
Working on chunk #34500
Working on chunk #34550
Working on chunk #34600
Working on chunk #34650
Working on chunk #34700
Working on chunk #34750
Working on chunk #34800
Working on chunk #34850
Working on chunk #34900
Working on chunk #34950
Working on chunk #35000
Working on chunk #35050
Working on chunk #35100
Working on chunk #35150
Working on chunk #35200
Working on chunk #35250
Working on chunk #35300
Working on chunk #35350
Working on chunk #35400
Working on chunk #35450
Working on chunk #35500
Working on chunk #35550
Working on chunk #35600
Working on chunk #35650
Working on chunk #35700
Working on chunk #35750
Working on chunk #35800
Working on chunk #35850
Working on chunk #35900
Working on chunk #35950
Working on chunk #36000
Working on chunk #36050
Working on chunk #36100
Working on chunk #36150
Working on chunk #36200
Working on chunk #36250
Working on chunk #36300
Working on chunk #36350
Working on chunk #36400
Working on chunk #36450
Working on chunk #36500
Working on chunk #36550
Working on chunk #36600
Working on chunk #36650
Working on chunk #36700
Working on chunk #36750
Working on chunk #36800
Working on chunk #36850
Working on chunk #36900
Working on chunk #36950
Working on chunk #37000
Working on chunk #37050
Working on chunk #37100
Working on chunk #37150
Working on chunk #37200
Working on chunk #37250
Working on chunk #37300
Working on chunk #37350
Working on chunk #37400
Working on chunk #37450
Working on chunk #37500
Working on chunk #37550
Working on chunk #37600
Working on chunk #37650
Working on chunk #37700
Working on chunk #37750
Working on chunk #37800
Working on chunk #37850
Working on chunk #37900
Working on chunk #37950
Working on chunk #38000
Working on chunk #38050
Working on chunk #38100
Working on chunk #38150
Working on chunk #38200
Working on chunk #38250
Working on chunk #38300
Working on chunk #38350
Working on chunk #38400
Working on chunk #38450
Working on chunk #38500
Working on chunk #38550
Working on chunk #38600
Working on chunk #38650
Working on chunk #38700
Working on chunk #38750
Working on chunk #38800
Working on chunk #38850
Working on chunk #38900
Working on chunk #38950
Working on chunk #39000
Working on chunk #39050
Working on chunk #39100
Working on chunk #39150
Working on chunk #39200
Working on chunk #39250
Working on chunk #39300
Working on chunk #39350
Working on chunk #39400
Working on chunk #39450
Working on chunk #39500
Working on chunk #39550
Working on chunk #39600
Working on chunk #39650
Working on chunk #39700
Working on chunk #39750
Working on chunk #39800
Working on chunk #39850
Working on chunk #39900
Working on chunk #39950
Working on chunk #40000
Working on chunk #40050
Working on chunk #40100
Working on chunk #40150
Working on chunk #40200
Working on chunk #40250
Working on chunk #40300
Working on chunk #40350
Working on chunk #40400
Working on chunk #40450
Working on chunk #40500
Working on chunk #40550
Working on chunk #40600
Working on chunk #40650
Working on chunk #40700
Working on chunk #40750
Working on chunk #40800
Working on chunk #40850
Working on chunk #40900
Working on chunk #40950
Working on chunk #41000
Working on chunk #41050
Working on chunk #41100
Working on chunk #41150
Working on chunk #41200
Working on chunk #41250
Working on chunk #41300
Working on chunk #41350
Working on chunk #41400
Working on chunk #41450
Working on chunk #41500
Working on chunk #41550
Working on chunk #41600
Working on chunk #41650
Working on chunk #41700
Working on chunk #41750
Working on chunk #41800
Working on chunk #41850
Working on chunk #41900
Working on chunk #41950
Working on chunk #42000
Working on chunk #42050
Working on chunk #42100
Working on chunk #42150
Working on chunk #42200
Working on chunk #42250
Working on chunk #42300
Working on chunk #42350
Working on chunk #42400
Working on chunk #42450
Working on chunk #42500
Working on chunk #42550
Working on chunk #42600
Working on chunk #42650
Working on chunk #42700
Working on chunk #42750
Working on chunk #42800
Working on chunk #42850
Working on chunk #42900
Working on chunk #42950
Working on chunk #43000
Working on chunk #43050
Working on chunk #43100
Working on chunk #43150
Working on chunk #43200
Working on chunk #43250
Working on chunk #43300
Working on chunk #43350
Working on chunk #43400
Working on chunk #43450
Working on chunk #43500
Working on chunk #43550
Working on chunk #43600
Working on chunk #43650
Working on chunk #43700
Working on chunk #43750
Working on chunk #43800
Working on chunk #43850
Working on chunk #43900
Working on chunk #43950
Working on chunk #44000
Working on chunk #44050
Working on chunk #44100
Working on chunk #44150
Working on chunk #44200
Working on chunk #44250
Working on chunk #44300
Working on chunk #44350
Working on chunk #44400
Working on chunk #44450
Working on chunk #44500
Working on chunk #44550
Working on chunk #44600
Working on chunk #44650
Working on chunk #44700
Working on chunk #44750
Working on chunk #44800
Working on chunk #44850
Working on chunk #44900
Working on chunk #44950
Working on chunk #45000
Working on chunk #45050
Working on chunk #45100
Working on chunk #45150
Working on chunk #45200
Working on chunk #45250
Working on chunk #45300
Working on chunk #45350
Working on chunk #45400
Working on chunk #45450
Working on chunk #45500
Working on chunk #45550
Working on chunk #45600
Working on chunk #45650
Working on chunk #45700
Working on chunk #45750
Working on chunk #45800
Working on chunk #45850
Working on chunk #45900
Working on chunk #45950
Working on chunk #46000
Working on chunk #46050
Working on chunk #46100
Working on chunk #46150
Working on chunk #46200
Working on chunk #46250
Working on chunk #46300
Working on chunk #46350
Working on chunk #46400
Working on chunk #46450
Working on chunk #46500
Working on chunk #46550
Working on chunk #46600
Working on chunk #46650
Working on chunk #46700
Working on chunk #46750
Working on chunk #46800
Working on chunk #46850
Working on chunk #46900
Working on chunk #46950
Working on chunk #47000
Working on chunk #47050
Working on chunk #47100
Working on chunk #47150
Working on chunk #47200
Working on chunk #47250
Working on chunk #47300
Working on chunk #47350
Working on chunk #47400
Working on chunk #47450
Working on chunk #47500
Working on chunk #47550
Working on chunk #47600
Working on chunk #47650
Working on chunk #47700
Working on chunk #47750
Working on chunk #47800
Working on chunk #47850
Working on chunk #47900
Working on chunk #47950
Working on chunk #48000
Working on chunk #48050
Working on chunk #48100
Working on chunk #48150
Working on chunk #48200
Working on chunk #48250
Working on chunk #48300
Working on chunk #48350
Working on chunk #48400
Working on chunk #48450
Working on chunk #48500
Working on chunk #48550
Working on chunk #48600
Working on chunk #48650
Working on chunk #48700
Working on chunk #48750
Working on chunk #48800
Working on chunk #48850
Working on chunk #48900
Working on chunk #48950
Working on chunk #49000
Working on chunk #49050
Working on chunk #49100
Working on chunk #49150
Working on chunk #49200
Working on chunk #49250
Working on chunk #49300
Working on chunk #49350
Working on chunk #49400
Working on chunk #49450
Working on chunk #49500
Working on chunk #49550
Working on chunk #49600
Working on chunk #49650
Working on chunk #49700
Working on chunk #49750
Working on chunk #49800
Working on chunk #49850
Working on chunk #49900
Working on chunk #49950
Working on chunk #50000
Working on chunk #50050
Working on chunk #50100
Working on chunk #50150
Working on chunk #50200
Working on chunk #50250
Working on chunk #50300
Working on chunk #50350
Working on chunk #50400
Working on chunk #50450
Working on chunk #50500
Working on chunk #50550
Working on chunk #50600
Working on chunk #50650
Working on chunk #50700
Working on chunk #50750
Working on chunk #50800
Working on chunk #50850
Working on chunk #50900
Working on chunk #50950
Working on chunk #51000
Working on chunk #51050
Working on chunk #51100
Working on chunk #51150
Working on chunk #51200
Working on chunk #51250
Working on chunk #51300
Working on chunk #51350
Working on chunk #51400
Working on chunk #51450
Working on chunk #51500
Working on chunk #51550
Working on chunk #51600
Working on chunk #51650
Working on chunk #51700
Working on chunk #51750
Working on chunk #51800
Working on chunk #51850
Working on chunk #51900
Working on chunk #51950
Working on chunk #52000
Working on chunk #52050
Working on chunk #52100
Working on chunk #52150
Working on chunk #52200
Working on chunk #52250
Working on chunk #52300
Working on chunk #52350
Working on chunk #52400
Working on chunk #52450
Working on chunk #52500
Working on chunk #52550
Working on chunk #52600
Working on chunk #52650
Working on chunk #52700
Working on chunk #52750
Working on chunk #52800
Working on chunk #52850
Working on chunk #52900
Working on chunk #52950
Working on chunk #53000
Working on chunk #53050
Working on chunk #53100
Working on chunk #53150
Working on chunk #53200
Working on chunk #53250
Working on chunk #53300
Working on chunk #53350
Working on chunk #53400
Working on chunk #53450
Working on chunk #53500
Working on chunk #53550
Working on chunk #53600
Working on chunk #53650
Working on chunk #53700
Working on chunk #53750
Working on chunk #53800
Working on chunk #53850
Working on chunk #53900
Working on chunk #53950
Working on chunk #54000
Working on chunk #54050
Working on chunk #54100
Working on chunk #54150
Working on chunk #54200
Working on chunk #54250
Working on chunk #54300
Working on chunk #54350
Working on chunk #54400
Working on chunk #54450
Working on chunk #54500
Working on chunk #54550
Working on chunk #54600
Working on chunk #54650
Working on chunk #54700
Working on chunk #54750
Working on chunk #54800
Working on chunk #54850
Working on chunk #54900
Working on chunk #54950
Working on chunk #55000
Working on chunk #55050
Working on chunk #55100
Working on chunk #55150
Working on chunk #55200
Working on chunk #55250
Working on chunk #55300
Working on chunk #55350
Working on chunk #55400
Working on chunk #55450
Working on chunk #55500
Working on chunk #55550
Working on chunk #55600
Working on chunk #55650
Working on chunk #55700
Working on chunk #55750
Working on chunk #55800
Working on chunk #55850
Working on chunk #55900
Working on chunk #55950
Working on chunk #56000
Working on chunk #56050
Working on chunk #56100
Working on chunk #56150
Working on chunk #56200
Working on chunk #56250
Working on chunk #56300
Working on chunk #56350
Working on chunk #56400
Working on chunk #56450
Working on chunk #56500
Working on chunk #56550
Working on chunk #56600
Working on chunk #56650
Working on chunk #56700
Working on chunk #56750
Working on chunk #56800
Working on chunk #56850
Working on chunk #56900
Working on chunk #56950
Working on chunk #57000
Working on chunk #57050
Working on chunk #57100
Working on chunk #57150
Working on chunk #57200
Working on chunk #57250
Working on chunk #57300
Working on chunk #57350
Working on chunk #57400
Working on chunk #57450
Working on chunk #57500
Working on chunk #57550
Working on chunk #57600
Working on chunk #57650
Working on chunk #57700
Working on chunk #57750
Working on chunk #57800
Working on chunk #57850
Working on chunk #57900
Working on chunk #57950
Working on chunk #58000
Working on chunk #58050
Working on chunk #58100
Working on chunk #58150
Working on chunk #58200
Working on chunk #58250
Working on chunk #58300
Working on chunk #58350
Working on chunk #58400
Working on chunk #58450
Working on chunk #58500
Working on chunk #58550
Working on chunk #58600
Working on chunk #58650
Working on chunk #58700
Working on chunk #58750
Working on chunk #58800
Working on chunk #58850
Working on chunk #58900
Working on chunk #58950
Working on chunk #59000
Working on chunk #59050
Working on chunk #59100
Working on chunk #59150
Working on chunk #59200
Working on chunk #59250
Working on chunk #59300
Working on chunk #59350
Working on chunk #59400
Working on chunk #59450
Working on chunk #59500
Working on chunk #59550
Working on chunk #59600
Working on chunk #59650
Working on chunk #59700
Working on chunk #59750
Working on chunk #59800
Working on chunk #59850
Working on chunk #59900
Working on chunk #59950
Working on chunk #60000
Working on chunk #60050
Working on chunk #60100
Working on chunk #60150
Working on chunk #60200
Working on chunk #60250
Working on chunk #60300
Working on chunk #60350
Working on chunk #60400
Working on chunk #60450
Working on chunk #60500
Working on chunk #60550
Working on chunk #60600
Working on chunk #60650
Working on chunk #60700
Working on chunk #60750
Working on chunk #60800
Working on chunk #60850
Working on chunk #60900
Working on chunk #60950
Working on chunk #61000
Working on chunk #61050
Working on chunk #61100
Working on chunk #61150
Working on chunk #61200
Working on chunk #61250
Working on chunk #61300
Working on chunk #61350
Working on chunk #61400
Working on chunk #61450
Working on chunk #61500
Working on chunk #61550
Working on chunk #61600
Working on chunk #61650
Working on chunk #61700
Working on chunk #61750
Working on chunk #61800
Working on chunk #61850
Working on chunk #61900
Working on chunk #61950
Working on chunk #62000
Working on chunk #62050
Working on chunk #62100
Working on chunk #62150
Working on chunk #62200
Working on chunk #62250
Working on chunk #62300
Working on chunk #62350
Working on chunk #62400
Working on chunk #62450
Working on chunk #62500
Working on chunk #62550
Working on chunk #62600
Working on chunk #62650
Working on chunk #62700
Working on chunk #62750
Working on chunk #62800
Working on chunk #62850
Working on chunk #62900
Working on chunk #62950
Working on chunk #63000
Working on chunk #63050
Working on chunk #63100
Working on chunk #63150
Working on chunk #63200
Working on chunk #63250
Working on chunk #63300
Working on chunk #63350
Working on chunk #63400
Working on chunk #63450
Working on chunk #63500
Working on chunk #63550
Working on chunk #63600
Working on chunk #63650
Working on chunk #63700
Working on chunk #63750
Working on chunk #63800
Working on chunk #63850
Working on chunk #63900
Working on chunk #63950
Working on chunk #64000
Working on chunk #64050
Working on chunk #64100
Working on chunk #64150
Working on chunk #64200
Working on chunk #64250
Working on chunk #64300
Working on chunk #64350
Working on chunk #64400
Working on chunk #64450
Working on chunk #64500
Working on chunk #64550
Working on chunk #64600
Working on chunk #64650
Working on chunk #64700
Working on chunk #64750
Working on chunk #64800
Working on chunk #64850
Working on chunk #64900
Working on chunk #64950
Working on chunk #65000
Working on chunk #65050
Working on chunk #65100
Working on chunk #65150
Working on chunk #65200
Working on chunk #65250
Working on chunk #65300
Working on chunk #65350
Working on chunk #65400
Working on chunk #65450
Working on chunk #65500
Working on chunk #65550
Working on chunk #65600
Working on chunk #65650
Working on chunk #65700
Working on chunk #65750
Working on chunk #65800
Working on chunk #65850
Working on chunk #65900
Working on chunk #65950
Working on chunk #66000
Working on chunk #66050
Working on chunk #66100
Working on chunk #66150
Working on chunk #66200
Working on chunk #66250
Working on chunk #66300
Working on chunk #66350
Working on chunk #66400
Working on chunk #66450
Working on chunk #66500
Working on chunk #66550
Working on chunk #66600
Working on chunk #66650
Working on chunk #66700
Working on chunk #66750
Working on chunk #66800
Working on chunk #66850
Working on chunk #66900
Working on chunk #66950
Working on chunk #67000
Working on chunk #67050
Working on chunk #67100
Working on chunk #67150
Working on chunk #67200
Working on chunk #67250
Working on chunk #67300
Working on chunk #67350
Working on chunk #67400
Working on chunk #67450
Working on chunk #67500
Working on chunk #67550
Working on chunk #67600
Working on chunk #67650
Working on chunk #67700
Working on chunk #67750
Working on chunk #67800
Working on chunk #67850
Working on chunk #67900
Working on chunk #67950
Working on chunk #68000
Working on chunk #68050
Working on chunk #68100
Working on chunk #68150
Working on chunk #68200
Working on chunk #68250
Working on chunk #68300
Working on chunk #68350
Working on chunk #68400
Working on chunk #68450
Working on chunk #68500
Working on chunk #68550
Working on chunk #68600
Working on chunk #68650
Working on chunk #68700
Working on chunk #68750
Working on chunk #68800
Working on chunk #68850
Working on chunk #68900
Working on chunk #68950
Working on chunk #69000
Working on chunk #69050
Working on chunk #69100
Working on chunk #69150
Working on chunk #69200
Working on chunk #69250
Working on chunk #69300
Working on chunk #69350
Working on chunk #69400
Working on chunk #69450
Working on chunk #69500
Working on chunk #69550
Working on chunk #69600
Working on chunk #69650
Working on chunk #69700
Working on chunk #69750
Working on chunk #69800
Working on chunk #69850
Working on chunk #69900
Working on chunk #69950
Working on chunk #70000
Working on chunk #70050
Working on chunk #70100
Working on chunk #70150
Working on chunk #70200
Working on chunk #70250
Working on chunk #70300
Working on chunk #70350
Working on chunk #70400
Working on chunk #70450
Working on chunk #70500
Working on chunk #70550
Working on chunk #70600
Working on chunk #70650
Working on chunk #70700
Working on chunk #70750
Working on chunk #70800
Working on chunk #70850
Working on chunk #70900
Working on chunk #70950
Working on chunk #71000
Working on chunk #71050
Working on chunk #71100
Working on chunk #71150
Working on chunk #71200
Working on chunk #71250
Working on chunk #71300
Working on chunk #71350
Working on chunk #71400
Working on chunk #71450
Working on chunk #71500
Working on chunk #71550
Working on chunk #71600
Working on chunk #71650
Working on chunk #71700
Working on chunk #71750
Working on chunk #71800
Working on chunk #71850
Working on chunk #71900
Working on chunk #71950
Working on chunk #72000
Working on chunk #72050
Working on chunk #72100
Working on chunk #72150
Working on chunk #72200
Working on chunk #72250
Working on chunk #72300
Working on chunk #72350
Working on chunk #72400
Working on chunk #72450
Working on chunk #72500
Working on chunk #72550
Working on chunk #72600
Working on chunk #72650
Working on chunk #72700
Working on chunk #72750
Working on chunk #72800
Working on chunk #72850
Working on chunk #72900
Working on chunk #72950
Working on chunk #73000
Working on chunk #73050
Working on chunk #73100
Working on chunk #73150
Working on chunk #73200
Working on chunk #73250
Working on chunk #73300
Working on chunk #73350
Working on chunk #73400
Working on chunk #73450
Working on chunk #73500
Working on chunk #73550
Working on chunk #73600
Working on chunk #73650
Working on chunk #73700
Working on chunk #73750
Working on chunk #73800
Working on chunk #73850
Working on chunk #73900
Working on chunk #73950
Working on chunk #74000
Working on chunk #74050
Working on chunk #74100
Working on chunk #74150
Working on chunk #74200
Working on chunk #74250
Working on chunk #74300
Working on chunk #74350
Working on chunk #74400
Working on chunk #74450
Working on chunk #74500
Working on chunk #74550
Working on chunk #74600
Working on chunk #74650
Working on chunk #74700
Working on chunk #74750
Working on chunk #74800
Working on chunk #74850
Working on chunk #74900
Working on chunk #74950
Working on chunk #75000
Working on chunk #75050
Working on chunk #75100
Working on chunk #75150
Working on chunk #75200
Working on chunk #75250
Working on chunk #75300
Working on chunk #75350
Working on chunk #75400
Working on chunk #75450
Working on chunk #75500
Working on chunk #75550
Working on chunk #75600
Working on chunk #75650
Working on chunk #75700
Working on chunk #75750
Working on chunk #75800
Working on chunk #75850
Working on chunk #75900
Working on chunk #75950
Working on chunk #76000
Working on chunk #76050
Working on chunk #76100
Working on chunk #76150
Working on chunk #76200
Working on chunk #76250
Working on chunk #76300
Working on chunk #76350
Working on chunk #76400
Working on chunk #76450
Working on chunk #76500
Working on chunk #76550
Working on chunk #76600
Working on chunk #76650
Working on chunk #76700
Working on chunk #76750
Working on chunk #76800
Working on chunk #76850
Working on chunk #76900
Working on chunk #76950
Working on chunk #77000
Working on chunk #77050
Working on chunk #77100
Working on chunk #77150
Working on chunk #77200
Working on chunk #77250
Working on chunk #77300
Working on chunk #77350
Working on chunk #77400
Working on chunk #77450
Working on chunk #77500
Working on chunk #77550
Working on chunk #77600
Working on chunk #77650
Working on chunk #77700
Working on chunk #77750
Working on chunk #77800
Working on chunk #77850
Working on chunk #77900
Working on chunk #77950
Working on chunk #78000
Working on chunk #78050
Working on chunk #78100
Working on chunk #78150
Working on chunk #78200
Working on chunk #78250
Working on chunk #78300
Working on chunk #78350
Working on chunk #78400
Working on chunk #78450
Working on chunk #78500
Working on chunk #78550
Working on chunk #78600
Working on chunk #78650
Working on chunk #78700
Working on chunk #78750
Working on chunk #78800
Working on chunk #78850
Working on chunk #78900
Working on chunk #78950
Working on chunk #79000
Working on chunk #79050
Working on chunk #79100
Working on chunk #79150
Working on chunk #79200
Working on chunk #79250
Working on chunk #79300
Working on chunk #79350
Working on chunk #79400
Working on chunk #79450
Working on chunk #79500
Working on chunk #79550
Working on chunk #79600
Working on chunk #79650
Working on chunk #79700
Working on chunk #79750
Working on chunk #79800
Working on chunk #79850
Working on chunk #79900
Working on chunk #79950
Working on chunk #80000
Working on chunk #80050
Working on chunk #80100
Working on chunk #80150
Working on chunk #80200
Working on chunk #80250
Working on chunk #80300
Working on chunk #80350
Working on chunk #80400
Working on chunk #80450
Working on chunk #80500
Working on chunk #80550
Working on chunk #80600
Working on chunk #80650
Working on chunk #80700
Working on chunk #80750
Working on chunk #80800
Working on chunk #80850
Working on chunk #80900
Working on chunk #80950
Working on chunk #81000
Working on chunk #81050
Working on chunk #81100
Working on chunk #81150
Working on chunk #81200
Working on chunk #81250
Working on chunk #81300
Working on chunk #81350
Working on chunk #81400
Working on chunk #81450
Working on chunk #81500
Working on chunk #81550
Working on chunk #81600
Working on chunk #81650
Working on chunk #81700
Working on chunk #81750
Working on chunk #81800
Working on chunk #81850
Working on chunk #81900
Working on chunk #81950
Working on chunk #82000
Working on chunk #82050
Working on chunk #82100
Working on chunk #82150
Working on chunk #82200
Working on chunk #82250
Working on chunk #82300
Working on chunk #82350
Working on chunk #82400
Working on chunk #82450
Working on chunk #82500
Working on chunk #82550
Working on chunk #82600
Working on chunk #82650
Working on chunk #82700
Working on chunk #82750
Working on chunk #82800
Working on chunk #82850
Working on chunk #82900
Working on chunk #82950
Working on chunk #83000
Working on chunk #83050
Working on chunk #83100
Working on chunk #83150
Working on chunk #83200
Working on chunk #83250
Working on chunk #83300
Working on chunk #83350
Working on chunk #83400
Working on chunk #83450
Working on chunk #83500
Working on chunk #83550
Working on chunk #83600
Working on chunk #83650
Working on chunk #83700
Working on chunk #83750
Working on chunk #83800
Working on chunk #83850
Working on chunk #83900
Working on chunk #83950
Working on chunk #84000
Working on chunk #84050
Working on chunk #84100
Working on chunk #84150
Working on chunk #84200
Working on chunk #84250
Working on chunk #84300
Working on chunk #84350
Working on chunk #84400
Working on chunk #84450
Working on chunk #84500
Working on chunk #84550
Working on chunk #84600
Working on chunk #84650
Working on chunk #84700
Working on chunk #84750
Working on chunk #84800
Working on chunk #84850
Working on chunk #84900
Working on chunk #84950
Working on chunk #85000
Working on chunk #85050
Working on chunk #85100
Working on chunk #85150
Working on chunk #85200
Working on chunk #85250
Working on chunk #85300
Working on chunk #85350
Working on chunk #85400
Working on chunk #85450
Working on chunk #85500
Working on chunk #85550
Working on chunk #85600
Working on chunk #85650
Working on chunk #85700
Working on chunk #85750
Working on chunk #85800
Working on chunk #85850
Working on chunk #85900
Working on chunk #85950
Working on chunk #86000
Working on chunk #86050
Working on chunk #86100
Working on chunk #86150
Working on chunk #86200
Working on chunk #86250
Working on chunk #86300
Working on chunk #86350
Working on chunk #86400
Working on chunk #86450
Working on chunk #86500
Working on chunk #86550
Working on chunk #86600
Working on chunk #86650
Working on chunk #86700
Working on chunk #86750
Working on chunk #86800
Working on chunk #86850
Working on chunk #86900
Working on chunk #86950
Working on chunk #87000
Working on chunk #87050
Working on chunk #87100
Working on chunk #87150
Working on chunk #87200
Working on chunk #87250
Working on chunk #87300
Working on chunk #87350
Working on chunk #87400
Working on chunk #87450
Working on chunk #87500
Working on chunk #87550
Working on chunk #87600
Working on chunk #87650
Working on chunk #87700
Working on chunk #87750
Working on chunk #87800
Working on chunk #87850
Working on chunk #87900
Working on chunk #87950
Working on chunk #88000
Working on chunk #88050
Working on chunk #88100
Working on chunk #88150
Working on chunk #88200
Working on chunk #88250
Working on chunk #88300
Working on chunk #88350
Working on chunk #88400
Working on chunk #88450
Working on chunk #88500
Working on chunk #88550
Working on chunk #88600
Working on chunk #88650
Working on chunk #88700
Working on chunk #88750
Working on chunk #88800
Working on chunk #88850
Working on chunk #88900
Working on chunk #88950
Working on chunk #89000
Working on chunk #89050
Working on chunk #89100
Working on chunk #89150
Working on chunk #89200
Working on chunk #89250
Working on chunk #89300
Working on chunk #89350
Working on chunk #89400
Working on chunk #89450
Working on chunk #89500
Working on chunk #89550
Working on chunk #89600
Working on chunk #89650
Working on chunk #89700
Working on chunk #89750
Working on chunk #89800
Working on chunk #89850
Working on chunk #89900
Working on chunk #89950
Working on chunk #90000
Working on chunk #90050
Working on chunk #90100
Working on chunk #90150
Working on chunk #90200
Working on chunk #90250
Working on chunk #90300
Working on chunk #90350
Working on chunk #90400
Working on chunk #90450
Working on chunk #90500
Working on chunk #90550
Working on chunk #90600
Working on chunk #90650
Working on chunk #90700
Working on chunk #90750
Working on chunk #90800
Working on chunk #90850
Working on chunk #90900
Working on chunk #90950
Working on chunk #91000
Working on chunk #91050
Working on chunk #91100
Working on chunk #91150
Working on chunk #91200
Working on chunk #91250
Working on chunk #91300
Working on chunk #91350
Working on chunk #91400
Working on chunk #91450
Working on chunk #91500
Working on chunk #91550
Working on chunk #91600
Working on chunk #91650
Working on chunk #91700
Working on chunk #91750
Working on chunk #91800
Working on chunk #91850
Working on chunk #91900
Working on chunk #91950
Working on chunk #92000
Working on chunk #92050
Working on chunk #92100
Working on chunk #92150
Working on chunk #92200
Working on chunk #92250
Working on chunk #92300
Working on chunk #92350
Working on chunk #92400
Working on chunk #92450
Working on chunk #92500
Working on chunk #92550
Working on chunk #92600
Working on chunk #92650
Working on chunk #92700
Working on chunk #92750
Working on chunk #92800
Working on chunk #92850
Working on chunk #92900
Working on chunk #92950
Working on chunk #93000
Working on chunk #93050
Working on chunk #93100
Working on chunk #93150
Working on chunk #93200
Working on chunk #93250
Working on chunk #93300
Working on chunk #93350
Working on chunk #93400
Working on chunk #93450
Working on chunk #93500
Working on chunk #93550
Working on chunk #93600
Working on chunk #93650
Working on chunk #93700
Working on chunk #93750
Working on chunk #93800
Working on chunk #93850
Working on chunk #93900
Working on chunk #93950
Working on chunk #94000
Working on chunk #94050
Working on chunk #94100
Working on chunk #94150
Working on chunk #94200
Working on chunk #94250
Working on chunk #94300
Working on chunk #94350
Working on chunk #94400
Working on chunk #94450
Working on chunk #94500
Working on chunk #94550
Working on chunk #94600
Working on chunk #94650
Working on chunk #94700
Working on chunk #94750
Working on chunk #94800
Working on chunk #94850
Working on chunk #94900
Working on chunk #94950
Working on chunk #95000
Working on chunk #95050
Working on chunk #95100
Working on chunk #95150
Working on chunk #95200
Working on chunk #95250
Working on chunk #95300
Working on chunk #95350
Working on chunk #95400
Working on chunk #95450
Working on chunk #95500
Working on chunk #95550
Working on chunk #95600
Working on chunk #95650
Working on chunk #95700
Working on chunk #95750
Working on chunk #95800
Working on chunk #95850
Working on chunk #95900
Working on chunk #95950
Working on chunk #96000
Working on chunk #96050
Working on chunk #96100
Working on chunk #96150
Working on chunk #96200
Working on chunk #96250
Working on chunk #96300
Working on chunk #96350
Working on chunk #96400
Working on chunk #96450
Working on chunk #96500
Working on chunk #96550
Working on chunk #96600
Working on chunk #96650
Working on chunk #96700
Working on chunk #96750
Working on chunk #96800
Working on chunk #96850
Working on chunk #96900
Working on chunk #96950
Working on chunk #97000
Working on chunk #97050
Working on chunk #97100
Working on chunk #97150
Working on chunk #97200
Working on chunk #97250
Working on chunk #97300
Working on chunk #97350
Working on chunk #97400
Working on chunk #97450
Working on chunk #97500
Working on chunk #97550
Working on chunk #97600
Working on chunk #97650
Working on chunk #97700
Working on chunk #97750
Working on chunk #97800
Working on chunk #97850
Working on chunk #97900
Working on chunk #97950
Working on chunk #98000
Working on chunk #98050
Working on chunk #98100
Working on chunk #98150
Working on chunk #98200
Working on chunk #98250
Working on chunk #98300
Working on chunk #98350
Working on chunk #98400
Working on chunk #98450
Working on chunk #98500
Working on chunk #98550
Working on chunk #98600
Working on chunk #98650
Working on chunk #98700
Working on chunk #98750
Working on chunk #98800
Working on chunk #98850
Working on chunk #98900
Working on chunk #98950
Working on chunk #99000
Working on chunk #99050
Working on chunk #99100
Working on chunk #99150
Working on chunk #99200
Working on chunk #99250
Working on chunk #99300
Working on chunk #99350
Working on chunk #99400
Working on chunk #99450
Working on chunk #99500
Working on chunk #99550
Working on chunk #99600
Working on chunk #99650
Working on chunk #99700
Working on chunk #99750
Working on chunk #99800
Working on chunk #99850
Working on chunk #99900
Working on chunk #99950
Working on chunk #100000
Working on chunk #100050
Working on chunk #100100
Working on chunk #100150
Working on chunk #100200
Working on chunk #100250
Working on chunk #100300
Working on chunk #100350
Working on chunk #100400
Working on chunk #100450
Working on chunk #100500
Working on chunk #100550
Working on chunk #100600
Working on chunk #100650
Working on chunk #100700
Working on chunk #100750
Working on chunk #100800
Working on chunk #100850
Working on chunk #100900
Working on chunk #100950
Working on chunk #101000
Working on chunk #101050
Working on chunk #101100
Working on chunk #101150
Working on chunk #101200
Working on chunk #101250
Working on chunk #101300
Working on chunk #101350
Working on chunk #101400
Working on chunk #101450
Working on chunk #101500
Working on chunk #101550
Working on chunk #101600
Working on chunk #101650
Working on chunk #101700
Working on chunk #101750
Working on chunk #101800
Working on chunk #101850
Working on chunk #101900
Working on chunk #101950
Working on chunk #102000
Working on chunk #102050
Working on chunk #102100
Working on chunk #102150
Working on chunk #102200
Working on chunk #102250
Working on chunk #102300
Working on chunk #102350
Working on chunk #102400
Working on chunk #102450
Working on chunk #102500
Working on chunk #102550
Working on chunk #102600
Working on chunk #102650
Working on chunk #102700
Working on chunk #102750
Working on chunk #102800
Working on chunk #102850
Working on chunk #102900
Working on chunk #102950
Working on chunk #103000
Working on chunk #103050
Working on chunk #103100
Working on chunk #103150
Working on chunk #103200
Working on chunk #103250
Working on chunk #103300
Working on chunk #103350
Working on chunk #103400
Working on chunk #103450
Working on chunk #103500
Working on chunk #103550
Working on chunk #103600
Working on chunk #103650
Working on chunk #103700
Working on chunk #103750
Working on chunk #103800
Working on chunk #103850
Working on chunk #103900
Working on chunk #103950
Working on chunk #104000
Working on chunk #104050
Working on chunk #104100
Working on chunk #104150
Working on chunk #104200
Working on chunk #104250
Working on chunk #104300
Working on chunk #104350
Working on chunk #104400
Working on chunk #104450
Working on chunk #104500
Working on chunk #104550
Working on chunk #104600
Working on chunk #104650
Working on chunk #104700
Working on chunk #104750
Working on chunk #104800
Working on chunk #104850
Working on chunk #104900
Working on chunk #104950
Working on chunk #105000
Working on chunk #105050
Working on chunk #105100
Working on chunk #105150
Working on chunk #105200
Working on chunk #105250
Working on chunk #105300
Working on chunk #105350
Working on chunk #105400
Working on chunk #105450
Working on chunk #105500
Working on chunk #105550
Working on chunk #105600
Working on chunk #105650
Working on chunk #105700
Working on chunk #105750
Working on chunk #105800
Working on chunk #105850
Working on chunk #105900
Working on chunk #105950
Working on chunk #106000
Working on chunk #106050
Working on chunk #106100
Working on chunk #106150
Working on chunk #106200
Working on chunk #106250
Working on chunk #106300
Working on chunk #106350
Working on chunk #106400
Working on chunk #106450
Working on chunk #106500
Working on chunk #106550
Working on chunk #106600
Working on chunk #106650
Working on chunk #106700
Working on chunk #106750
Working on chunk #106800
Working on chunk #106850
Working on chunk #106900
Working on chunk #106950
Working on chunk #107000
Working on chunk #107050
Working on chunk #107100
Working on chunk #107150
Working on chunk #107200
Working on chunk #107250
Working on chunk #107300
Working on chunk #107350
Working on chunk #107400
Working on chunk #107450
Working on chunk #107500
Working on chunk #107550
Working on chunk #107600
Working on chunk #107650
Working on chunk #107700
Working on chunk #107750
Working on chunk #107800
Working on chunk #107850
Working on chunk #107900
Working on chunk #107950
Working on chunk #108000
Working on chunk #108050
Working on chunk #108100
Working on chunk #108150
Working on chunk #108200
Working on chunk #108250
Working on chunk #108300
Working on chunk #108350
Working on chunk #108400
Working on chunk #108450
Working on chunk #108500
Working on chunk #108550
Working on chunk #108600
Working on chunk #108650
Working on chunk #108700
Working on chunk #108750
Working on chunk #108800
Working on chunk #108850
Working on chunk #108900
Working on chunk #108950
Working on chunk #109000
Working on chunk #109050
Working on chunk #109100
Working on chunk #109150
Working on chunk #109200
Working on chunk #109250
Working on chunk #109300
Working on chunk #109350
Working on chunk #109400
Working on chunk #109450
Working on chunk #109500
Working on chunk #109550
Working on chunk #109600
Working on chunk #109650
Working on chunk #109700
Working on chunk #109750
Working on chunk #109800
Working on chunk #109850
Working on chunk #109900
Working on chunk #109950
Working on chunk #110000
Working on chunk #110050
Working on chunk #110100
Working on chunk #110150
Working on chunk #110200
Working on chunk #110250
Working on chunk #110300
Working on chunk #110350
Working on chunk #110400
Working on chunk #110450
Working on chunk #110500
Working on chunk #110550
Working on chunk #110600
Working on chunk #110650
Working on chunk #110700
Working on chunk #110750
Working on chunk #110800
Working on chunk #110850
Working on chunk #110900
Working on chunk #110950
Working on chunk #111000
Working on chunk #111050
Working on chunk #111100
Working on chunk #111150
Working on chunk #111200
Working on chunk #111250
Working on chunk #111300
Working on chunk #111350
Working on chunk #111400
Working on chunk #111450
Working on chunk #111500
Working on chunk #111550
Working on chunk #111600
Working on chunk #111650
Working on chunk #111700
Working on chunk #111750
Working on chunk #111800
Working on chunk #111850
Working on chunk #111900
Working on chunk #111950
Working on chunk #112000
Working on chunk #112050
Working on chunk #112100
Working on chunk #112150
Working on chunk #112200
Working on chunk #112250
Working on chunk #112300
Working on chunk #112350
Working on chunk #112400
Working on chunk #112450
Working on chunk #112500
Working on chunk #112550
Working on chunk #112600
Working on chunk #112650
Working on chunk #112700
Working on chunk #112750
Working on chunk #112800
Working on chunk #112850
Working on chunk #112900
Working on chunk #112950
Working on chunk #113000
Working on chunk #113050
Working on chunk #113100
Working on chunk #113150
Working on chunk #113200
Working on chunk #113250
Working on chunk #113300
Working on chunk #113350
Working on chunk #113400
Working on chunk #113450
Working on chunk #113500
Working on chunk #113550
Working on chunk #113600
Working on chunk #113650
Working on chunk #113700
Working on chunk #113750
Working on chunk #113800
Working on chunk #113850
Working on chunk #113900
Working on chunk #113950
Working on chunk #114000
Working on chunk #114050
Working on chunk #114100
Working on chunk #114150
Working on chunk #114200
Working on chunk #114250
Working on chunk #114300
Working on chunk #114350
Working on chunk #114400
Working on chunk #114450
Working on chunk #114500
Working on chunk #114550
Working on chunk #114600
Working on chunk #114650
Working on chunk #114700
Working on chunk #114750
Working on chunk #114800
Working on chunk #114850
Working on chunk #114900
Working on chunk #114950
Working on chunk #115000
Working on chunk #115050
Working on chunk #115100
Working on chunk #115150
Working on chunk #115200
Working on chunk #115250
Working on chunk #115300
Working on chunk #115350
Working on chunk #115400
Working on chunk #115450
Working on chunk #115500
Working on chunk #115550
Working on chunk #115600
Working on chunk #115650
Working on chunk #115700
Working on chunk #115750
Working on chunk #115800
Working on chunk #115850
Working on chunk #115900
Working on chunk #115950
Working on chunk #116000
Working on chunk #116050
Working on chunk #116100
Working on chunk #116150
Working on chunk #116200
Working on chunk #116250
Working on chunk #116300
Working on chunk #116350
Working on chunk #116400
Working on chunk #116450
Working on chunk #116500
Working on chunk #116550
Working on chunk #116600
Working on chunk #116650
Working on chunk #116700
Working on chunk #116750
Working on chunk #116800
Working on chunk #116850
Working on chunk #116900
Working on chunk #116950
Working on chunk #117000
Working on chunk #117050
Working on chunk #117100
Working on chunk #117150
Working on chunk #117200
Working on chunk #117250
Working on chunk #117300
Working on chunk #117350
Working on chunk #117400
Working on chunk #117450
Working on chunk #117500
Working on chunk #117550
Working on chunk #117600
Working on chunk #117650
Working on chunk #117700
Working on chunk #117750
Working on chunk #117800
Working on chunk #117850
Working on chunk #117900
Working on chunk #117950
Working on chunk #118000
Working on chunk #118050
Working on chunk #118100
Working on chunk #118150
Working on chunk #118200
Working on chunk #118250
Working on chunk #118300
Working on chunk #118350
Working on chunk #118400
Working on chunk #118450
Working on chunk #118500
Working on chunk #118550
Working on chunk #118600
Working on chunk #118650
Working on chunk #118700
Working on chunk #118750
Working on chunk #118800
Working on chunk #118850
Working on chunk #118900
Working on chunk #118950
Working on chunk #119000
Working on chunk #119050
Working on chunk #119100
Working on chunk #119150
Working on chunk #119200
Working on chunk #119250
Working on chunk #119300
Working on chunk #119350
Working on chunk #119400
Working on chunk #119450
Working on chunk #119500
Working on chunk #119550
Working on chunk #119600
Working on chunk #119650
Working on chunk #119700
Working on chunk #119750
Working on chunk #119800
Working on chunk #119850
Working on chunk #119900
Working on chunk #119950
Working on chunk #120000
Working on chunk #120050
Working on chunk #120100
Working on chunk #120150
Working on chunk #120200
Working on chunk #120250
Working on chunk #120300
Working on chunk #120350
Working on chunk #120400
Working on chunk #120450
Working on chunk #120500
Working on chunk #120550
Working on chunk #120600
Working on chunk #120650
Working on chunk #120700
Working on chunk #120750
Working on chunk #120800
Working on chunk #120850
Working on chunk #120900
Working on chunk #120950
Working on chunk #121000
Working on chunk #121050
Working on chunk #121100
Working on chunk #121150
Working on chunk #121200
Working on chunk #121250
Working on chunk #121300
Working on chunk #121350
Working on chunk #121400
Working on chunk #121450
Working on chunk #121500
Working on chunk #121550
Working on chunk #121600
Working on chunk #121650
Working on chunk #121700
Working on chunk #121750
Working on chunk #121800
Working on chunk #121850
Working on chunk #121900
Working on chunk #121950
Working on chunk #122000
Working on chunk #122050
Working on chunk #122100
Working on chunk #122150
Working on chunk #122200
Working on chunk #122250
Working on chunk #122300
Working on chunk #122350
Working on chunk #122400
Working on chunk #122450
Working on chunk #122500
Working on chunk #122550
Working on chunk #122600
Working on chunk #122650
Working on chunk #122700
Working on chunk #122750
Working on chunk #122800
Working on chunk #122850
Working on chunk #122900
Working on chunk #122950
Working on chunk #123000
Working on chunk #123050
Working on chunk #123100
Working on chunk #123150
Working on chunk #123200
Working on chunk #123250
Working on chunk #123300
Working on chunk #123350
Working on chunk #123400
Working on chunk #123450
Working on chunk #123500
Working on chunk #123550
Working on chunk #123600
Working on chunk #123650
Working on chunk #123700
Working on chunk #123750
Working on chunk #123800
Working on chunk #123850
Working on chunk #123900
Working on chunk #123950
Working on chunk #124000
Working on chunk #124050
Working on chunk #124100
Working on chunk #124150
Working on chunk #124200
Working on chunk #124250
Working on chunk #124300
Working on chunk #124350
Working on chunk #124400
Working on chunk #124450
Working on chunk #124500
Working on chunk #124550
Working on chunk #124600
Working on chunk #124650
Working on chunk #124700
Working on chunk #124750
Working on chunk #124800
Working on chunk #124850
Working on chunk #124900
Working on chunk #124950
Working on chunk #125000
Working on chunk #125050
Working on chunk #125100
Working on chunk #125150
Working on chunk #125200
Working on chunk #125250
Working on chunk #125300
Working on chunk #125350
Working on chunk #125400
Working on chunk #125450
Working on chunk #125500
Working on chunk #125550
Working on chunk #125600
Working on chunk #125650
Working on chunk #125700
Working on chunk #125750
Working on chunk #125800
Working on chunk #125850
Working on chunk #125900
Working on chunk #125950
Working on chunk #126000
Working on chunk #126050
Working on chunk #126100
Working on chunk #126150
Working on chunk #126200
Working on chunk #126250
Working on chunk #126300
Working on chunk #126350
Working on chunk #126400
Working on chunk #126450
Working on chunk #126500
Working on chunk #126550
Working on chunk #126600
Working on chunk #126650
Working on chunk #126700
Working on chunk #126750
Working on chunk #126800
Working on chunk #126850
Working on chunk #126900
Working on chunk #126950
Working on chunk #127000
Working on chunk #127050
Working on chunk #127100
Working on chunk #127150
Working on chunk #127200
Working on chunk #127250
Working on chunk #127300
Working on chunk #127350
Working on chunk #127400
Working on chunk #127450
Working on chunk #127500
Working on chunk #127550
Working on chunk #127600
Working on chunk #127650
Working on chunk #127700
Working on chunk #127750
Working on chunk #127800
Working on chunk #127850
Working on chunk #127900
Working on chunk #127950
Working on chunk #128000
Working on chunk #128050
Working on chunk #128100
Working on chunk #128150
Working on chunk #128200
Working on chunk #128250
Working on chunk #128300
Working on chunk #128350
Working on chunk #128400
Working on chunk #128450
Working on chunk #128500
Working on chunk #128550
Working on chunk #128600
Working on chunk #128650
Working on chunk #128700
Working on chunk #128750
Working on chunk #128800
Working on chunk #128850
Working on chunk #128900
Working on chunk #128950
Working on chunk #129000
Working on chunk #129050
Working on chunk #129100
Working on chunk #129150
Working on chunk #129200
Working on chunk #129250
Working on chunk #129300
Working on chunk #129350
Working on chunk #129400
Working on chunk #129450
Working on chunk #129500
Working on chunk #129550
Working on chunk #129600
Working on chunk #129650
Working on chunk #129700
Working on chunk #129750
Working on chunk #129800
Working on chunk #129850
Working on chunk #129900
Working on chunk #129950
Working on chunk #130000
Working on chunk #130050
Working on chunk #130100
Working on chunk #130150
Working on chunk #130200
Working on chunk #130250
Working on chunk #130300
Working on chunk #130350
Working on chunk #130400
Working on chunk #130450
Working on chunk #130500
Working on chunk #130550
Working on chunk #130600
Working on chunk #130650
Working on chunk #130700
Working on chunk #130750
Working on chunk #130800
Working on chunk #130850
Working on chunk #130900
Working on chunk #130950
Working on chunk #131000
Working on chunk #131050
Working on chunk #131100
Working on chunk #131150
Working on chunk #131200
Working on chunk #131250
Working on chunk #131300
Working on chunk #131350
Working on chunk #131400
Working on chunk #131450
Working on chunk #131500
Working on chunk #131550
Working on chunk #131600
Working on chunk #131650
Working on chunk #131700
Working on chunk #131750
Working on chunk #131800
Working on chunk #131850
Working on chunk #131900
Working on chunk #131950
Working on chunk #132000
Working on chunk #132050
Working on chunk #132100
Working on chunk #132150
Working on chunk #132200
Working on chunk #132250
Working on chunk #132300
Working on chunk #132350
Working on chunk #132400
Working on chunk #132450
Working on chunk #132500
Working on chunk #132550
Working on chunk #132600
Working on chunk #132650
Working on chunk #132700
Working on chunk #132750
Working on chunk #132800
Working on chunk #132850
Working on chunk #132900
Working on chunk #132950
Working on chunk #133000
Working on chunk #133050
Working on chunk #133100
Working on chunk #133150
Working on chunk #133200
Working on chunk #133250
Working on chunk #133300
Working on chunk #133350
Working on chunk #133400
Working on chunk #133450
Working on chunk #133500
Working on chunk #133550
Working on chunk #133600
Working on chunk #133650
Working on chunk #133700
Working on chunk #133750
Working on chunk #133800
Working on chunk #133850
Working on chunk #133900
Working on chunk #133950
Working on chunk #134000
Working on chunk #134050
Working on chunk #134100
Working on chunk #134150
Working on chunk #134200
Working on chunk #134250
Working on chunk #134300
Working on chunk #134350
Working on chunk #134400
Working on chunk #134450
Working on chunk #134500
Working on chunk #134550
Working on chunk #134600
Working on chunk #134650
Working on chunk #134700
Working on chunk #134750
Working on chunk #134800
Working on chunk #134850
Working on chunk #134900
Working on chunk #134950
Working on chunk #135000
Working on chunk #135050
Working on chunk #135100
Working on chunk #135150
Working on chunk #135200
Working on chunk #135250
Working on chunk #135300
Working on chunk #135350
Working on chunk #135400
Working on chunk #135450
Working on chunk #135500
Working on chunk #135550
Working on chunk #135600
Working on chunk #135650
Working on chunk #135700
Working on chunk #135750
Working on chunk #135800
Working on chunk #135850
Working on chunk #135900
Working on chunk #135950
Working on chunk #136000
Working on chunk #136050
Working on chunk #136100
Working on chunk #136150
Working on chunk #136200
Working on chunk #136250
Working on chunk #136300
Working on chunk #136350
Working on chunk #136400
Working on chunk #136450
Working on chunk #136500
Working on chunk #136550
Working on chunk #136600
Working on chunk #136650
Working on chunk #136700
Working on chunk #136750
Working on chunk #136800
Working on chunk #136850
Working on chunk #136900
Working on chunk #136950
Working on chunk #137000
Working on chunk #137050
Working on chunk #137100
Working on chunk #137150
Working on chunk #137200
Working on chunk #137250
Working on chunk #137300
Working on chunk #137350
Working on chunk #137400
Working on chunk #137450
Working on chunk #137500
Working on chunk #137550
Working on chunk #137600
Working on chunk #137650
Working on chunk #137700
Working on chunk #137750
Working on chunk #137800
Working on chunk #137850
Working on chunk #137900
Working on chunk #137950
Working on chunk #138000
Working on chunk #138050
Working on chunk #138100
Working on chunk #138150
Working on chunk #138200
Working on chunk #138250
Working on chunk #138300
Working on chunk #138350
Working on chunk #138400
Working on chunk #138450
Working on chunk #138500
Working on chunk #138550
Working on chunk #138600
Working on chunk #138650
Working on chunk #138700
Working on chunk #138750
Working on chunk #138800
Working on chunk #138850
Working on chunk #138900
Working on chunk #138950
Working on chunk #139000
Working on chunk #139050
Working on chunk #139100
Working on chunk #139150
Working on chunk #139200
Working on chunk #139250
Working on chunk #139300
Working on chunk #139350
Working on chunk #139400
Working on chunk #139450
Working on chunk #139500
Working on chunk #139550
Working on chunk #139600
Working on chunk #139650
Working on chunk #139700
Working on chunk #139750
Working on chunk #139800
Working on chunk #139850
Working on chunk #139900
Working on chunk #139950
Working on chunk #140000
Working on chunk #140050
Working on chunk #140100
Working on chunk #140150
Working on chunk #140200
Working on chunk #140250
Working on chunk #140300
Working on chunk #140350
Working on chunk #140400
Working on chunk #140450
Working on chunk #140500
Working on chunk #140550
Working on chunk #140600
Working on chunk #140650
Working on chunk #140700
Working on chunk #140750
Working on chunk #140800
Working on chunk #140850
Working on chunk #140900
Working on chunk #140950
Working on chunk #141000
Working on chunk #141050
Working on chunk #141100
Working on chunk #141150
Working on chunk #141200
Working on chunk #141250
Working on chunk #141300
Working on chunk #141350
Working on chunk #141400
Working on chunk #141450
Working on chunk #141500
Working on chunk #141550
Working on chunk #141600
Working on chunk #141650
Working on chunk #141700
Working on chunk #141750
Working on chunk #141800
Working on chunk #141850
Working on chunk #141900
Working on chunk #141950
Working on chunk #142000
Working on chunk #142050
Working on chunk #142100
Working on chunk #142150
Working on chunk #142200
Working on chunk #142250
Working on chunk #142300
Working on chunk #142350
Working on chunk #142400
Working on chunk #142450
Working on chunk #142500
Working on chunk #142550
Working on chunk #142600
Working on chunk #142650
Working on chunk #142700
Working on chunk #142750
Working on chunk #142800
Working on chunk #142850
Working on chunk #142900
Working on chunk #142950
Working on chunk #143000
Working on chunk #143050
Working on chunk #143100
Working on chunk #143150
Working on chunk #143200
Working on chunk #143250
Working on chunk #143300
Working on chunk #143350
Working on chunk #143400
Working on chunk #143450
Working on chunk #143500
Working on chunk #143550
Working on chunk #143600
Working on chunk #143650
Working on chunk #143700
Working on chunk #143750
Working on chunk #143800
Working on chunk #143850
Working on chunk #143900
Working on chunk #143950
Working on chunk #144000
Working on chunk #144050
Working on chunk #144100
Working on chunk #144150
Working on chunk #144200
Working on chunk #144250
Working on chunk #144300
Working on chunk #144350
Working on chunk #144400
Working on chunk #144450
Working on chunk #144500
Working on chunk #144550
Working on chunk #144600
Working on chunk #144650
Working on chunk #144700
Working on chunk #144750
Working on chunk #144800
Working on chunk #144850
Working on chunk #144900
Working on chunk #144950
Working on chunk #145000
Working on chunk #145050
Working on chunk #145100
Working on chunk #145150
Working on chunk #145200
Working on chunk #145250
Working on chunk #145300
Working on chunk #145350
Working on chunk #145400
Working on chunk #145450
Working on chunk #145500
Working on chunk #145550
Working on chunk #145600
Working on chunk #145650
Working on chunk #145700
Working on chunk #145750
Working on chunk #145800
Working on chunk #145850
Working on chunk #145900
Working on chunk #145950
Working on chunk #146000
Working on chunk #146050
Working on chunk #146100
Working on chunk #146150
Working on chunk #146200
Working on chunk #146250
Working on chunk #146300
Working on chunk #146350
Working on chunk #146400
Working on chunk #146450
Working on chunk #146500
Working on chunk #146550
Working on chunk #146600
Working on chunk #146650
Working on chunk #146700
Working on chunk #146750
Working on chunk #146800
Working on chunk #146850
Working on chunk #146900
Working on chunk #146950
Working on chunk #147000
Working on chunk #147050
Working on chunk #147100
Working on chunk #147150
Working on chunk #147200
Working on chunk #147250
Working on chunk #147300
Working on chunk #147350
Working on chunk #147400
Working on chunk #147450
Working on chunk #147500
Working on chunk #147550
Working on chunk #147600
Working on chunk #147650
Working on chunk #147700
Working on chunk #147750
Working on chunk #147800
Working on chunk #147850
Working on chunk #147900
Working on chunk #147950
Working on chunk #148000
Working on chunk #148050
Working on chunk #148100
Working on chunk #148150
Working on chunk #148200
Working on chunk #148250
Working on chunk #148300
Working on chunk #148350
Working on chunk #148400
Working on chunk #148450
Working on chunk #148500
Working on chunk #148550
Working on chunk #148600
Working on chunk #148650
Working on chunk #148700
Working on chunk #148750
Working on chunk #148800
Working on chunk #148850
Working on chunk #148900
Working on chunk #148950
Working on chunk #149000
Working on chunk #149050
Working on chunk #149100
Working on chunk #149150
Working on chunk #149200
Working on chunk #149250
Working on chunk #149300
Working on chunk #149350
Working on chunk #149400
Working on chunk #149450
Working on chunk #149500
Working on chunk #149550
Working on chunk #149600
Working on chunk #149650
Working on chunk #149700
Working on chunk #149750
Working on chunk #149800
Working on chunk #149850
Working on chunk #149900
Working on chunk #149950
Working on chunk #150000
Working on chunk #150050
Working on chunk #150100
Working on chunk #150150
Working on chunk #150200
Working on chunk #150250
Working on chunk #150300
Working on chunk #150350
Working on chunk #150400
Working on chunk #150450
Working on chunk #150500
Working on chunk #150550
Working on chunk #150600
Working on chunk #150650
Working on chunk #150700
Working on chunk #150750
Working on chunk #150800
Working on chunk #150850
Working on chunk #150900
Working on chunk #150950
Working on chunk #151000
Working on chunk #151050
Working on chunk #151100
Working on chunk #151150
Working on chunk #151200
Working on chunk #151250
Working on chunk #151300
Working on chunk #151350
Working on chunk #151400
Working on chunk #151450
Working on chunk #151500
Working on chunk #151550
Working on chunk #151600
Working on chunk #151650
Working on chunk #151700
Working on chunk #151750
Working on chunk #151800
Working on chunk #151850
Working on chunk #151900
Working on chunk #151950
Working on chunk #152000
Working on chunk #152050
Working on chunk #152100
Working on chunk #152150
Working on chunk #152200
Working on chunk #152250
Working on chunk #152300
Working on chunk #152350
Working on chunk #152400
Working on chunk #152450
Working on chunk #152500
Working on chunk #152550
Working on chunk #152600
Working on chunk #152650
Working on chunk #152700
Working on chunk #152750
Working on chunk #152800
Working on chunk #152850
Working on chunk #152900
Working on chunk #152950
Working on chunk #153000
Working on chunk #153050
Working on chunk #153100
Working on chunk #153150
Working on chunk #153200
Working on chunk #153250
Working on chunk #153300
Working on chunk #153350
Working on chunk #153400
Working on chunk #153450
Working on chunk #153500
Working on chunk #153550
Working on chunk #153600
Working on chunk #153650
Working on chunk #153700
Working on chunk #153750
Working on chunk #153800
Working on chunk #153850
Working on chunk #153900
Working on chunk #153950
Working on chunk #154000
Working on chunk #154050
Working on chunk #154100
Working on chunk #154150
Working on chunk #154200
Working on chunk #154250
Working on chunk #154300
Working on chunk #154350
Working on chunk #154400
Working on chunk #154450
Working on chunk #154500
Working on chunk #154550
Working on chunk #154600
Working on chunk #154650
Working on chunk #154700
Working on chunk #154750
Working on chunk #154800
Working on chunk #154850
Working on chunk #154900
Working on chunk #154950
Working on chunk #155000
Working on chunk #155050
Working on chunk #155100
Working on chunk #155150
Working on chunk #155200
Working on chunk #155250
Working on chunk #155300
Working on chunk #155350
Working on chunk #155400
Working on chunk #155450
Working on chunk #155500
Working on chunk #155550
Working on chunk #155600
Working on chunk #155650
Working on chunk #155700
Working on chunk #155750
Working on chunk #155800
Working on chunk #155850
Working on chunk #155900
Working on chunk #155950
Working on chunk #156000
Working on chunk #156050
Working on chunk #156100
Working on chunk #156150
Working on chunk #156200
Working on chunk #156250
Working on chunk #156300
Working on chunk #156350
Working on chunk #156400
Working on chunk #156450
Working on chunk #156500
Working on chunk #156550
Working on chunk #156600
Working on chunk #156650
Working on chunk #156700
Working on chunk #156750
Working on chunk #156800
Working on chunk #156850
Working on chunk #156900
Working on chunk #156950
Working on chunk #157000
Working on chunk #157050
Working on chunk #157100
Working on chunk #157150
Working on chunk #157200
Working on chunk #157250
Working on chunk #157300
Working on chunk #157350
Working on chunk #157400
Working on chunk #157450
Working on chunk #157500
Working on chunk #157550
Working on chunk #157600
Working on chunk #157650
Working on chunk #157700
Working on chunk #157750
Working on chunk #157800
Working on chunk #157850
Working on chunk #157900
Working on chunk #157950
Working on chunk #158000
Working on chunk #158050
Working on chunk #158100
Working on chunk #158150
Working on chunk #158200
Working on chunk #158250
Working on chunk #158300
Working on chunk #158350
Working on chunk #158400
Working on chunk #158450
Working on chunk #158500
Working on chunk #158550
Working on chunk #158600
Working on chunk #158650
Working on chunk #158700
Working on chunk #158750
Working on chunk #158800
Working on chunk #158850
Working on chunk #158900
Working on chunk #158950
Working on chunk #159000
Working on chunk #159050
Working on chunk #159100
Working on chunk #159150
Working on chunk #159200
Working on chunk #159250
Working on chunk #159300
Working on chunk #159350
Working on chunk #159400
Working on chunk #159450
Working on chunk #159500
Working on chunk #159550
Working on chunk #159600
Working on chunk #159650
Working on chunk #159700
Working on chunk #159750
Working on chunk #159800
Working on chunk #159850
Working on chunk #159900
Working on chunk #159950
Working on chunk #160000
Working on chunk #160050
Working on chunk #160100
Working on chunk #160150
Working on chunk #160200
Working on chunk #160250
Working on chunk #160300
Working on chunk #160350
Working on chunk #160400
Working on chunk #160450
Working on chunk #160500
Working on chunk #160550
Working on chunk #160600
Working on chunk #160650
Working on chunk #160700
Working on chunk #160750
Working on chunk #160800
Working on chunk #160850
Working on chunk #160900
Working on chunk #160950
Working on chunk #161000
Working on chunk #161050
Working on chunk #161100
Working on chunk #161150
Working on chunk #161200
Working on chunk #161250
Working on chunk #161300
Working on chunk #161350
Working on chunk #161400
Working on chunk #161450
Working on chunk #161500
Working on chunk #161550
Working on chunk #161600
Working on chunk #161650
Working on chunk #161700
Working on chunk #161750
Working on chunk #161800
Working on chunk #161850
Working on chunk #161900
Working on chunk #161950
Working on chunk #162000
Working on chunk #162050
Working on chunk #162100
Working on chunk #162150
Working on chunk #162200
Working on chunk #162250
Working on chunk #162300
Working on chunk #162350
Working on chunk #162400
Working on chunk #162450
Working on chunk #162500
Working on chunk #162550
Working on chunk #162600
Working on chunk #162650
Working on chunk #162700
Working on chunk #162750
Working on chunk #162800
Working on chunk #162850
Working on chunk #162900
Working on chunk #162950
Working on chunk #163000
Working on chunk #163050
Working on chunk #163100
Working on chunk #163150
Working on chunk #163200
Working on chunk #163250
Working on chunk #163300
Working on chunk #163350
Working on chunk #163400
Working on chunk #163450
Working on chunk #163500
Working on chunk #163550
Working on chunk #163600
Working on chunk #163650
Working on chunk #163700
Working on chunk #163750
Working on chunk #163800
Working on chunk #163850
Working on chunk #163900
Working on chunk #163950
Working on chunk #164000
Working on chunk #164050
Working on chunk #164100
Working on chunk #164150
Working on chunk #164200
Working on chunk #164250
Working on chunk #164300
Working on chunk #164350
Working on chunk #164400
Working on chunk #164450
Working on chunk #164500
Working on chunk #164550
Working on chunk #164600
Working on chunk #164650
Working on chunk #164700
Working on chunk #164750
Working on chunk #164800
Working on chunk #164850
Working on chunk #164900
Working on chunk #164950
Working on chunk #165000
Working on chunk #165050
Working on chunk #165100
Working on chunk #165150
Working on chunk #165200
Working on chunk #165250
Working on chunk #165300
Working on chunk #165350
Working on chunk #165400
Working on chunk #165450
Working on chunk #165500
Working on chunk #165550
Working on chunk #165600
Working on chunk #165650
Working on chunk #165700
Working on chunk #165750
Working on chunk #165800
Working on chunk #165850
Working on chunk #165900
Working on chunk #165950
Working on chunk #166000
Working on chunk #166050
Working on chunk #166100
Working on chunk #166150
Working on chunk #166200
Working on chunk #166250
Working on chunk #166300
Working on chunk #166350
Working on chunk #166400
Working on chunk #166450
Working on chunk #166500
Working on chunk #166550
Working on chunk #166600
Working on chunk #166650
Working on chunk #166700
Working on chunk #166750
Working on chunk #166800
Working on chunk #166850
Working on chunk #166900
Working on chunk #166950
Working on chunk #167000
Working on chunk #167050
Working on chunk #167100
Working on chunk #167150
Working on chunk #167200
Working on chunk #167250
Working on chunk #167300
Working on chunk #167350
Working on chunk #167400
Working on chunk #167450
Working on chunk #167500
Working on chunk #167550
Working on chunk #167600
Working on chunk #167650
Working on chunk #167700
Working on chunk #167750
Working on chunk #167800
Working on chunk #167850
Working on chunk #167900
Working on chunk #167950
Working on chunk #168000
Working on chunk #168050
Working on chunk #168100
Working on chunk #168150
Working on chunk #168200
Working on chunk #168250
Working on chunk #168300
Working on chunk #168350
Working on chunk #168400
Working on chunk #168450
Working on chunk #168500
Working on chunk #168550
Working on chunk #168600
Working on chunk #168650
Working on chunk #168700
Working on chunk #168750
Working on chunk #168800
Working on chunk #168850
Working on chunk #168900
Working on chunk #168950
Working on chunk #169000
Working on chunk #169050
Working on chunk #169100
Working on chunk #169150
Working on chunk #169200
Working on chunk #169250
Working on chunk #169300
Working on chunk #169350
Working on chunk #169400
Working on chunk #169450
Working on chunk #169500
Working on chunk #169550
Working on chunk #169600
Working on chunk #169650
Working on chunk #169700
Working on chunk #169750
Working on chunk #169800
Working on chunk #169850
Working on chunk #169900
Working on chunk #169950
Working on chunk #170000
Working on chunk #170050
Working on chunk #170100
Working on chunk #170150
Working on chunk #170200
Working on chunk #170250
Working on chunk #170300
Working on chunk #170350
Working on chunk #170400
Working on chunk #170450
Working on chunk #170500
Working on chunk #170550
Working on chunk #170600
Working on chunk #170650
Working on chunk #170700
Working on chunk #170750
Working on chunk #170800
Working on chunk #170850
Working on chunk #170900
Working on chunk #170950
Working on chunk #171000
Working on chunk #171050
Working on chunk #171100
Working on chunk #171150
Working on chunk #171200
Working on chunk #171250
Working on chunk #171300
Working on chunk #171350
Working on chunk #171400
Working on chunk #171450
Working on chunk #171500
Working on chunk #171550
Working on chunk #171600
Working on chunk #171650
Working on chunk #171700
Working on chunk #171750
Working on chunk #171800
Working on chunk #171850
Working on chunk #171900
Working on chunk #171950
Working on chunk #172000
Working on chunk #172050
Working on chunk #172100
Working on chunk #172150
Working on chunk #172200
Working on chunk #172250
Working on chunk #172300
Working on chunk #172350
Working on chunk #172400
Working on chunk #172450
Working on chunk #172500
Working on chunk #172550
Working on chunk #172600
Working on chunk #172650
Working on chunk #172700
Working on chunk #172750
Working on chunk #172800
Working on chunk #172850
Working on chunk #172900
Working on chunk #172950
Working on chunk #173000
Working on chunk #173050
Working on chunk #173100
Working on chunk #173150
Working on chunk #173200
Working on chunk #173250
Working on chunk #173300
Working on chunk #173350
Working on chunk #173400
Working on chunk #173450
Working on chunk #173500
Working on chunk #173550
Working on chunk #173600
Working on chunk #173650
Working on chunk #173700
Working on chunk #173750
Working on chunk #173800
Working on chunk #173850
Working on chunk #173900
Working on chunk #173950
Working on chunk #174000
Working on chunk #174050
Working on chunk #174100
Working on chunk #174150
Working on chunk #174200
Working on chunk #174250
Working on chunk #174300
Working on chunk #174350
Working on chunk #174400
Working on chunk #174450
Working on chunk #174500
Working on chunk #174550
Working on chunk #174600
Working on chunk #174650
Working on chunk #174700
Working on chunk #174750
Working on chunk #174800
Working on chunk #174850
Working on chunk #174900
Working on chunk #174950
Working on chunk #175000
Working on chunk #175050
Working on chunk #175100
Working on chunk #175150
Working on chunk #175200
Working on chunk #175250
Working on chunk #175300
Working on chunk #175350
Working on chunk #175400
Working on chunk #175450
Working on chunk #175500
Working on chunk #175550
Working on chunk #175600
Working on chunk #175650
Working on chunk #175700
Working on chunk #175750
Working on chunk #175800
Working on chunk #175850
Working on chunk #175900
Working on chunk #175950
Working on chunk #176000
Working on chunk #176050
Working on chunk #176100
Working on chunk #176150
Working on chunk #176200
Working on chunk #176250
Working on chunk #176300
Working on chunk #176350
Working on chunk #176400
Working on chunk #176450
Working on chunk #176500
Working on chunk #176550
Working on chunk #176600
Working on chunk #176650
Working on chunk #176700
Working on chunk #176750
Working on chunk #176800
Working on chunk #176850
Working on chunk #176900
Working on chunk #176950
Working on chunk #177000
Working on chunk #177050
Working on chunk #177100
Working on chunk #177150
Working on chunk #177200
Working on chunk #177250
Working on chunk #177300
Working on chunk #177350
Working on chunk #177400
Working on chunk #177450
Working on chunk #177500
Working on chunk #177550
Working on chunk #177600
Working on chunk #177650
Working on chunk #177700
Working on chunk #177750
Working on chunk #177800
Working on chunk #177850
Working on chunk #177900
Working on chunk #177950
Working on chunk #178000
Working on chunk #178050
Working on chunk #178100
Working on chunk #178150
Working on chunk #178200
Working on chunk #178250
Working on chunk #178300
Working on chunk #178350
Working on chunk #178400
Working on chunk #178450
Working on chunk #178500
Working on chunk #178550
Working on chunk #178600
Working on chunk #178650
Working on chunk #178700
Working on chunk #178750
Working on chunk #178800
Working on chunk #178850
Working on chunk #178900
Working on chunk #178950
Working on chunk #179000
Working on chunk #179050
Working on chunk #179100
Working on chunk #179150
Working on chunk #179200
Working on chunk #179250
Working on chunk #179300
Working on chunk #179350
Working on chunk #179400
Working on chunk #179450
Working on chunk #179500
Working on chunk #179550
Working on chunk #179600
Working on chunk #179650
Working on chunk #179700
Working on chunk #179750
Working on chunk #179800
Working on chunk #179850
Working on chunk #179900
Working on chunk #179950
Working on chunk #180000
Working on chunk #180050
Working on chunk #180100
Working on chunk #180150
Working on chunk #180200
Working on chunk #180250
Working on chunk #180300
Working on chunk #180350
Working on chunk #180400
Working on chunk #180450
Working on chunk #180500
Working on chunk #180550
Working on chunk #180600
Working on chunk #180650
Working on chunk #180700
Working on chunk #180750
Working on chunk #180800
Working on chunk #180850
Working on chunk #180900
Working on chunk #180950
Working on chunk #181000
Working on chunk #181050
Working on chunk #181100
Working on chunk #181150
Working on chunk #181200
Working on chunk #181250
Working on chunk #181300
Working on chunk #181350
Working on chunk #181400
Working on chunk #181450
Working on chunk #181500
Working on chunk #181550
Working on chunk #181600
Working on chunk #181650
Working on chunk #181700
Working on chunk #181750
Working on chunk #181800
Working on chunk #181850
Working on chunk #181900
Working on chunk #181950
Working on chunk #182000
Working on chunk #182050
Working on chunk #182100
Working on chunk #182150
Working on chunk #182200
Working on chunk #182250
Working on chunk #182300
Working on chunk #182350
Working on chunk #182400
